<?xml version="1.0" encoding="UTF-8"?>
<testsuites>
  <testsuite name="install_sys.log" tests="1" errors="0" hostname="EE213CDB" id="1" time="1" timestamp="2024-04-03T16:07:22">
    <testcase name="SYS/WTP.usr" assertions="8" classname="SYS.usr" status="PASS" time="1">
      <system-out>
=== DBI Started: SYS/WTP.usr
User created.
Grant succeeded.
Grant succeeded.
Grant succeeded.
Grant succeeded.
Grant succeeded.
=== DBI Completed at 2024-04-03T16:06:56 for a duration of .51 seconds (started at 2024-04-03T16:06:55)
      </system-out>
    </testcase>
  </testsuite>
  <testsuite name="install_system.log" tests="1" errors="0" hostname="EE213CDB" id="2" time="0" timestamp="2024-04-03T16:07:22">
    <testcase name="SYSTEM/WTP_usr.grnt" assertions="12" classname="SYSTEM.grnt" status="PASS" time="0">
      <system-out>
=== DBI Started: SYSTEM/WTP_usr.grnt
Grant succeeded.
Grant succeeded.
Grant succeeded.
Grant succeeded.
Grant succeeded.
Grant succeeded.
Grant succeeded.
Grant succeeded.
Grant succeeded.
Grant succeeded.
=== DBI Completed at 2024-04-03T16:06:56 for a duration of .36 seconds (started at 2024-04-03T16:06:56)
      </system-out>
    </testcase>
  </testsuite>
  <testsuite name="install_wtpsrc.log" tests="16" errors="0" hostname="EE213CDB" id="3" time="20" timestamp="2024-04-03T16:07:22">
    <testcase name="./installation_finalize.sql" assertions="" classname="..sql" status="PASS" time="">
    </testcase>
    <testcase name="./installation_prepare.sql" assertions="5" classname="..sql" status="PASS" time="0">
      <system-out>
=== DBI Started: ./installation_prepare.sql
Create_Temp_Publicly_Updateable_Table_SQL
Table created.
Grant succeeded.
=== DBI Completed at 2024-04-03T16:06:56 for a duration of .26 seconds (started at 2024-04-03T16:06:56)
      </system-out>
    </testcase>
    <testcase name="WTP/CORE_DATA.pbody" assertions="3" classname="WTP.pbody" status="PASS" time="0">
      <system-out>
=== DBI Started: WTP/CORE_DATA.pbody
Package body created.
=== DBI Completed at 2024-04-03T16:07:18 for a duration of .1 seconds (started at 2024-04-03T16:07:18)
      </system-out>
    </testcase>
    <testcase name="WTP/CORE_DATA.pspec" assertions="3" classname="WTP.pspec" status="PASS" time="0">
      <system-out>
=== DBI Started: WTP/CORE_DATA.pspec
Package created.
=== DBI Completed at 2024-04-03T16:06:57 for a duration of .15 seconds (started at 2024-04-03T16:06:57)
      </system-out>
    </testcase>
    <testcase name="WTP/HOOK.pbody" assertions="3" classname="WTP.pbody" status="PASS" time="0">
      <system-out>
=== DBI Started: WTP/HOOK.pbody
Package body created.
=== DBI Completed at 2024-04-03T16:07:19 for a duration of .1 seconds (started at 2024-04-03T16:07:18)
      </system-out>
    </testcase>
    <testcase name="WTP/HOOK.pspec" assertions="3" classname="WTP.pspec" status="PASS" time="0">
      <system-out>
=== DBI Started: WTP/HOOK.pspec
Package created.
=== DBI Completed at 2024-04-03T16:06:57 for a duration of .06 seconds (started at 2024-04-03T16:06:57)
      </system-out>
    </testcase>
    <testcase name="WTP/HOOKS.cdl" assertions="8" classname="WTP.cdl" status="PASS" time="3">
      <system-out>
=== DBI Started: WTP/HOOKS.cdl
Disable Triggers and Foreign Keys
PL/SQL procedure successfully completed.
sqlldr_control=WTP/HOOKS.ctl
PL/SQL procedure successfully completed.
=== DBI Completed at 2024-04-03T16:07:18 for a duration of 2.98 seconds (started at 2024-04-03T16:07:15)
### SQL*Loader Log File: WTP/HOOKS.log

SQL*Loader: Release 21.0.0.0.0 - Production on Wed Apr 3 16:07:16 2024
Version 21.3.0.0.0
Copyright (c) 1982, 2021, Oracle and/or its affiliates.  All rights reserved.
Control File:   WTP/HOOKS.ctl
Data File:      WTP/HOOKS.csv
  Bad File:     WTP/HOOKS.bad
  Discard File:  none specified
 
 (Allow all discards)
Number to load: ALL
Number to skip: 1
Errors allowed: 50
Bind array:     250 rows, maximum of 1048576 bytes
Continuation:    none specified
Path used:      Conventional
Silent options: FEEDBACK
Table &quot;WTP&quot;.&quot;HOOKS&quot;, loaded from every logical record.
Insert option in effect for this table: APPEND
TRAILING NULLCOLS option in effect
   Column Name                  Position   Len  Term Encl Datatype
------------------------------ ---------- ----- ---- ---- ---------------------
HOOK_NAME                           FIRST    20   ,  O(&quot;) CHARACTER            
SEQ                                  NEXT     *   ,  O(&quot;) CHARACTER            
RUN_STRING                           NEXT  4000   ,  O(&quot;) CHARACTER            
DESCRIPTION                          NEXT  1000   ,  O(&quot;) CHARACTER            
value used for ROWS parameter changed from 250 to 198
Table &quot;WTP&quot;.&quot;HOOKS&quot;:
  2 Rows successfully loaded.
  0 Rows not loaded due to data errors.
  0 Rows not loaded because all WHEN clauses were failed.
  0 Rows not loaded because all fields were null.

Space allocated for bind array:                1046232 bytes(198 rows)
Read   buffer bytes: 1048576
Total logical records skipped:          1
Total logical records read:             2
Total logical records rejected:         0
Total logical records discarded:        0
Run began on Wed Apr 03 16:07:16 2024
Run ended on Wed Apr 03 16:07:18 2024
Elapsed time was:     00:00:01.53
CPU time was:         00:00:00.04

      </system-out>
    </testcase>
    <testcase name="WTP/HOOKS.tab" assertions="11" classname="WTP.tab" status="PASS" time="17">
      <system-out>
=== DBI Started: WTP/HOOKS.tab
Table created.
Table altered.
Table altered.
Table altered.
Comment created.
Comment created.
Comment created.
Comment created.
Comment created.
=== DBI Completed at 2024-04-03T16:07:15 for a duration of 16.91 seconds (started at 2024-04-03T16:06:58)
      </system-out>
    </testcase>
    <testcase name="WTP/WTPLSQL.pbody" assertions="3" classname="WTP.pbody" status="PASS" time="0">
      <system-out>
=== DBI Started: WTP/WTPLSQL.pbody
Package body created.
=== DBI Completed at 2024-04-03T16:07:19 for a duration of .11 seconds (started at 2024-04-03T16:07:19)
      </system-out>
    </testcase>
    <testcase name="WTP/WTPLSQL.pspec" assertions="6" classname="WTP.pspec" status="PASS" time="0">
      <system-out>
=== DBI Started: WTP/WTPLSQL.pspec
Package created.
Grant succeeded.
Synonym created.
Synonym created.
=== DBI Completed at 2024-04-03T16:06:57 for a duration of .18 seconds (started at 2024-04-03T16:06:57)
      </system-out>
    </testcase>
    <testcase name="WTP/WT_ASSERT.pbody" assertions="3" classname="WTP.pbody" status="PASS" time="0">
      <system-out>
=== DBI Started: WTP/WT_ASSERT.pbody
Package body created.
=== DBI Completed at 2024-04-03T16:07:19 for a duration of .21 seconds (started at 2024-04-03T16:07:19)
      </system-out>
    </testcase>
    <testcase name="WTP/WT_ASSERT.pspec" assertions="6" classname="WTP.pspec" status="PASS" time="0">
      <system-out>
=== DBI Started: WTP/WT_ASSERT.pspec
Package created.
Grant succeeded.
Synonym created.
Synonym created.
=== DBI Completed at 2024-04-03T16:06:57 for a duration of .23 seconds (started at 2024-04-03T16:06:57)
      </system-out>
    </testcase>
    <testcase name="WTP/WT_CORE_REPORT.pbody" assertions="3" classname="WTP.pbody" status="PASS" time="0">
      <system-out>
=== DBI Started: WTP/WT_CORE_REPORT.pbody
Package body created.
=== DBI Completed at 2024-04-03T16:07:19 for a duration of .11 seconds (started at 2024-04-03T16:07:19)
      </system-out>
    </testcase>
    <testcase name="WTP/WT_CORE_REPORT.pspec" assertions="5" classname="WTP.pspec" status="PASS" time="0">
      <system-out>
=== DBI Started: WTP/WT_CORE_REPORT.pspec
Package created.
Grant succeeded.
Synonym created.
=== DBI Completed at 2024-04-03T16:06:58 for a duration of .15 seconds (started at 2024-04-03T16:06:57)
      </system-out>
    </testcase>
    <testcase name="WTP/WT_EXECUTE_TEST_RUNNER.proc" assertions="5" classname="WTP.proc" status="PASS" time="0">
      <system-out>
=== DBI Started: WTP/WT_EXECUTE_TEST_RUNNER.proc
Warning: Procedure created with compilation errors.
Grant succeeded.
Synonym created.
=== DBI Completed at 2024-04-03T16:06:57 for a duration of .29 seconds (started at 2024-04-03T16:06:57)
      </system-out>
    </testcase>
    <testcase name="WTP/WT_QUAL_TEST_RUNNERS_VW.vw" assertions="9" classname="WTP.vw" status="PASS" time="0">
      <system-out>
=== DBI Started: WTP/WT_QUAL_TEST_RUNNERS_VW.vw
View created.
Grant succeeded.
View created.
Comment created.
Comment created.
Comment created.
Grant succeeded.
=== DBI Completed at 2024-04-03T16:07:18 for a duration of .39 seconds (started at 2024-04-03T16:07:18)
      </system-out>
    </testcase>
    <testcase name="WTP/WT_VERSIONS.tab" assertions="13" classname="WTP.tab" status="PASS" time="0">
      <system-out>
=== DBI Started: WTP/WT_VERSIONS.tab
Table created.
Table altered.
Table altered.
Comment created.
Comment created.
Comment created.
Comment created.
Comment created.
Comment created.
Grant succeeded.
Synonym created.
=== DBI Completed at 2024-04-03T16:07:15 for a duration of .38 seconds (started at 2024-04-03T16:07:15)
      </system-out>
    </testcase>
  </testsuite>
</testsuites>
