<?xml version="1.0" encoding="UTF-8"?>
<testsuites>
  <testsuite name="install_sys.log" tests="0" errors="0" hostname="EE213CDB" id="1" time="0" timestamp="2024-04-05T14:26:34">
  </testsuite>
  <testsuite name="install_system.log" tests="0" errors="0" hostname="EE213CDB" id="2" time="0" timestamp="2024-04-05T14:26:34">
  </testsuite>
  <testsuite name="install_wtptst.log" tests="4" errors="0" hostname="EE213CDB" id="3" time="7" timestamp="2024-04-05T14:26:34">
    <testcase name="./installation_finalize.sql" assertions="" classname="..sql" status="PASS" time="">
    </testcase>
    <testcase name="./installation_prepare.sql" assertions="5" classname="..sql" status="PASS" time="0">
      <system-out>
=== DBI Started: ./installation_prepare.sql
Create_Temp_Publicly_Updateable_Table_SQL
Table created.
Grant succeeded.
=== DBI Completed at 2024-04-05T14:26:27 for a duration of .11 seconds (started at 2024-04-05T14:26:26)
      </system-out>
    </testcase>
    <testcase name="WTP/WT_SELF_TEST.cdl" assertions="10" classname="WTP.cdl" status="PASS" time="5">
      <system-out>
=== DBI Started: WTP/WT_SELF_TEST.cdl
Disable Triggers and Foreign Keys
PL/SQL procedure successfully completed.
sqlldr_control=WTP/WT_SELF_TEST.ctl
PL/SQL procedure successfully completed.
PL/SQL procedure successfully completed.
Commit complete.
=== DBI Completed at 2024-04-05T14:26:33 for a duration of 4.9 seconds (started at 2024-04-05T14:26:29)
### SQL*Loader Log File: WTP/WT_SELF_TEST.log

SQL*Loader: Release 21.0.0.0.0 - Production on Fri Apr 5 14:26:30 2024
Version 21.3.0.0.0
Copyright (c) 1982, 2021, Oracle and/or its affiliates.  All rights reserved.
Control File:   WTP/WT_SELF_TEST.ctl
Data File:      WTP/WT_SELF_TEST.csv
  Bad File:     WTP/WT_SELF_TEST.bad
  Discard File:  none specified
 
 (Allow all discards)
Number to load: ALL
Number to skip: 1
Errors allowed: 50
Bind array:     250 rows, maximum of 1048576 bytes
Continuation:    none specified
Path used:      Conventional
Silent options: FEEDBACK
Table &quot;WTP&quot;.&quot;WT_SELF_TEST&quot;, loaded from every logical record.
Insert option in effect for this table: APPEND
TRAILING NULLCOLS option in effect
   Column Name                  Position   Len  Term Encl Datatype
------------------------------ ---------- ----- ---- ---- ---------------------
ID                                  FIRST     *   ,  O(&quot;) CHARACTER            
TEMP_CLOB                            NEXT *****   ,  O(&quot;) CHARACTER            
    Maximum field length is 1048576
TEMP_NCLOB                           NEXT *****   ,  O(&quot;) CHARACTER            
    Maximum field length is 1048576
TEMP_XML                             NEXT *****   ,  O(&quot;) CHARACTER            
    Maximum field length is 1048576
TEMP_BLOB                            NEXT *****   ,  O(&quot;) CHARACTER            
    Maximum field length is 1572864
value used for ROWS parameter changed from 250 to 1
Table &quot;WTP&quot;.&quot;WT_SELF_TEST&quot;:
  2 Rows successfully loaded.
  0 Rows not loaded due to data errors.
  0 Rows not loaded because all WHEN clauses were failed.
  0 Rows not loaded because all fields were null.

Space allocated for bind array:                4718874 bytes(1 rows)
Read   buffer bytes: 1048576
Total logical records skipped:          1
Total logical records read:             2
Total logical records rejected:         0
Total logical records discarded:        0
Run began on Fri Apr 05 14:26:30 2024
Run ended on Fri Apr 05 14:26:33 2024
Elapsed time was:     00:00:02.91
CPU time was:         00:00:00.06

      </system-out>
    </testcase>
    <testcase name="WTP/WT_SELF_TEST.tab" assertions="10" classname="WTP.tab" status="PASS" time="2">
      <system-out>
=== DBI Started: WTP/WT_SELF_TEST.tab
Table created.
Table altered.
Comment created.
Comment created.
Comment created.
Comment created.
Comment created.
Comment created.
=== DBI Completed at 2024-04-05T14:26:29 for a duration of 2.04 seconds (started at 2024-04-05T14:26:27)
      </system-out>
    </testcase>
    <testcase name="WTP/WT_SELF_TEST.tabtrg" assertions="4" classname="WTP.tabtrg" status="PASS" time="0">
      <system-out>
=== DBI Started: WTP/WT_SELF_TEST.tabtrg
Trigger created.
Trigger altered.
=== DBI Completed at 2024-04-05T14:26:34 for a duration of .13 seconds (started at 2024-04-05T14:26:33)
      </system-out>
    </testcase>
  </testsuite>
</testsuites>
