<?xml version="1.0" encoding="UTF-8"?>
<testsuites>
  <testsuite name="install_sys.log" tests="0" errors="0" hostname="EE213CDB" id="1" time="0" timestamp="2025-02-06T18:11:17">
  </testsuite>
  <testsuite name="install_system.log" tests="0" errors="0" hostname="EE213CDB" id="2" time="0" timestamp="2025-02-06T18:11:17">
  </testsuite>
  <testsuite name="install_wtpsav.log" tests="52" errors="0" hostname="EE213CDB" id="3" time="9" timestamp="2025-02-06T18:11:17">
    <testcase name="./installation_finalize.sql" assertions="" classname="..sql" status="PASS" time="">
    </testcase>
    <testcase name="./installation_prepare.sql" assertions="20" classname="..sql" status="PASS" time="0">
      <system-out>
=== DBI Started: ./installation_prepare.sql

Create Temp Publicly Updateable Table

Table created.


Grant succeeded.


Synonym created.


Check for Prerequisite BUILD_TYPEs
Prerequisite BUILD_TYPEs for &quot;wtpsav&quot;
 -) &quot;wtpsrc&quot; last loaded on 06-Feb-2025 18:10:55

PL/SQL procedure successfully completed.

=== DBI Completed at 2025-02-06T18:10:59 for a duration of .19 seconds (started at 2025-02-06T18:10:59)
      </system-out>
    </testcase>
    <testcase name="WTP/JUNIT_XML_PERSIST_ALL.proc" assertions="5" classname="WTP.proc" status="PASS" time="0">
      <system-out>
=== DBI Started: WTP/JUNIT_XML_PERSIST_ALL.proc

Warning: Procedure created with compilation errors.

=== DBI Completed at 2025-02-06T18:10:59 for a duration of .07 seconds (started at 2025-02-06T18:10:59)
      </system-out>
    </testcase>
    <testcase name="WTP/PLSQL_PROFILER_DATA.tbl" assertions="44" classname="WTP.tbl" status="PASS" time="0">
      <system-out>
=== DBI Started: WTP/PLSQL_PROFILER_DATA.tbl

Table created.


Table altered.


Comment created.


Comment created.


Comment created.


Comment created.


Comment created.


Comment created.


Comment created.


Comment created.


Comment created.


Comment created.


Comment created.


Comment created.

=== DBI Completed at 2025-02-06T18:11:01 for a duration of .48 seconds (started at 2025-02-06T18:11:00)
      </system-out>
    </testcase>
    <testcase name="WTP/PLSQL_PROFILER_DATA.tfk" assertions="5" classname="WTP.tfk" status="PASS" time="0">
      <system-out>
=== DBI Started: WTP/PLSQL_PROFILER_DATA.tfk

Table altered.

=== DBI Completed at 2025-02-06T18:11:13 for a duration of .07 seconds (started at 2025-02-06T18:11:13)
      </system-out>
    </testcase>
    <testcase name="WTP/PLSQL_PROFILER_RUNNUMBER.seq" assertions="5" classname="WTP.seq" status="PASS" time="0">
      <system-out>
=== DBI Started: WTP/PLSQL_PROFILER_RUNNUMBER.seq

Sequence created.

=== DBI Completed at 2025-02-06T18:10:59 for a duration of .07 seconds (started at 2025-02-06T18:10:59)
      </system-out>
    </testcase>
    <testcase name="WTP/PLSQL_PROFILER_RUNS.tbl" assertions="38" classname="WTP.tbl" status="PASS" time="0">
      <system-out>
=== DBI Started: WTP/PLSQL_PROFILER_RUNS.tbl

Table created.


Table altered.


Comment created.


Comment created.


Comment created.


Comment created.


Comment created.


Comment created.


Comment created.


Comment created.


Comment created.


Comment created.

=== DBI Completed at 2025-02-06T18:11:01 for a duration of .4 seconds (started at 2025-02-06T18:11:01)
      </system-out>
    </testcase>
    <testcase name="WTP/PLSQL_PROFILER_RUNS.tidx" assertions="5" classname="WTP.tidx" status="PASS" time="0">
      <system-out>
=== DBI Started: WTP/PLSQL_PROFILER_RUNS.tidx

Index created.

=== DBI Completed at 2025-02-06T18:11:12 for a duration of .06 seconds (started at 2025-02-06T18:11:12)
      </system-out>
    </testcase>
    <testcase name="WTP/PLSQL_PROFILER_UNITS.tbl" assertions="38" classname="WTP.tbl" status="PASS" time="0">
      <system-out>
=== DBI Started: WTP/PLSQL_PROFILER_UNITS.tbl

Table created.


Table altered.


Comment created.


Comment created.


Comment created.


Comment created.


Comment created.


Comment created.


Comment created.


Comment created.


Comment created.


Comment created.

=== DBI Completed at 2025-02-06T18:11:02 for a duration of .41 seconds (started at 2025-02-06T18:11:01)
      </system-out>
    </testcase>
    <testcase name="WTP/PLSQL_PROFILER_UNITS.tfk" assertions="5" classname="WTP.tfk" status="PASS" time="0">
      <system-out>
=== DBI Started: WTP/PLSQL_PROFILER_UNITS.tfk

Table altered.

=== DBI Completed at 2025-02-06T18:11:13 for a duration of .08 seconds (started at 2025-02-06T18:11:13)
      </system-out>
    </testcase>
    <testcase name="WTP/WT_DBOUT.pkbsql" assertions="5" classname="WTP.pkbsql" status="PASS" time="0">
      <system-out>
=== DBI Started: WTP/WT_DBOUT.pkbsql

Package body created.

=== DBI Completed at 2025-02-06T18:11:12 for a duration of .07 seconds (started at 2025-02-06T18:11:12)
      </system-out>
    </testcase>
    <testcase name="WTP/WT_DBOUT.pkssql" assertions="5" classname="WTP.pkssql" status="PASS" time="0">
      <system-out>
=== DBI Started: WTP/WT_DBOUT.pkssql

Package created.

=== DBI Completed at 2025-02-06T18:10:59 for a duration of .07 seconds (started at 2025-02-06T18:10:59)
      </system-out>
    </testcase>
    <testcase name="WTP/WT_DBOUTS.tbl" assertions="32" classname="WTP.tbl" status="PASS" time="0">
      <system-out>
=== DBI Started: WTP/WT_DBOUTS.tbl

Table created.


Table altered.


Table altered.


Comment created.


Comment created.


Comment created.


Comment created.


Comment created.


Grant succeeded.


Grant succeeded.

=== DBI Completed at 2025-02-06T18:11:02 for a duration of .42 seconds (started at 2025-02-06T18:11:02)
      </system-out>
    </testcase>
    <testcase name="WTP/WT_DBOUTS.tidx" assertions="5" classname="WTP.tidx" status="PASS" time="0">
      <system-out>
=== DBI Started: WTP/WT_DBOUTS.tidx

Index created.

=== DBI Completed at 2025-02-06T18:11:12 for a duration of .07 seconds (started at 2025-02-06T18:11:12)
      </system-out>
    </testcase>
    <testcase name="WTP/WT_DBOUTS_SEQ.seq" assertions="5" classname="WTP.seq" status="PASS" time="0">
      <system-out>
=== DBI Started: WTP/WT_DBOUTS_SEQ.seq

Sequence created.

=== DBI Completed at 2025-02-06T18:10:59 for a duration of .05 seconds (started at 2025-02-06T18:10:59)
      </system-out>
    </testcase>
    <testcase name="WTP/WT_DBOUT_RUNS.tbl" assertions="65" classname="WTP.tbl" status="PASS" time="1">
      <system-out>
=== DBI Started: WTP/WT_DBOUT_RUNS.tbl

Table created.


Table altered.


Table altered.


Comment created.


Comment created.


Comment created.


Comment created.


Comment created.


Comment created.


Comment created.


Comment created.


Comment created.


Comment created.


Comment created.


Comment created.


Comment created.


Comment created.


Comment created.


Grant succeeded.


Grant succeeded.


Grant succeeded.

=== DBI Completed at 2025-02-06T18:11:03 for a duration of .71 seconds (started at 2025-02-06T18:11:02)
      </system-out>
    </testcase>
    <testcase name="WTP/WT_DBOUT_RUNS.tfk" assertions="5" classname="WTP.tfk" status="PASS" time="0">
      <system-out>
=== DBI Started: WTP/WT_DBOUT_RUNS.tfk

Table altered.

=== DBI Completed at 2025-02-06T18:11:14 for a duration of .07 seconds (started at 2025-02-06T18:11:13)
      </system-out>
    </testcase>
    <testcase name="WTP/WT_DBOUT_RUNS_VW.vw" assertions="92" classname="WTP.vw" status="PASS" time="1">
      <system-out>
=== DBI Started: WTP/WT_DBOUT_RUNS_VW.vw

View created.


Grant succeeded.


View created.


Comment created.


Comment created.


Comment created.


Comment created.


Comment created.


Comment created.


Comment created.


Comment created.


Comment created.


Comment created.


Comment created.


Comment created.


Comment created.


Comment created.


Comment created.


Comment created.


Comment created.


Comment created.


Comment created.


Comment created.


Comment created.


Comment created.


Comment created.


Comment created.


Comment created.


Comment created.


Grant succeeded.

=== DBI Completed at 2025-02-06T18:11:09 for a duration of .85 seconds (started at 2025-02-06T18:11:08)
      </system-out>
    </testcase>
    <testcase name="WTP/WT_JOB.pkbsql" assertions="5" classname="WTP.pkbsql" status="PASS" time="0">
      <system-out>
=== DBI Started: WTP/WT_JOB.pkbsql

Package body created.

=== DBI Completed at 2025-02-06T18:11:13 for a duration of .12 seconds (started at 2025-02-06T18:11:12)
      </system-out>
    </testcase>
    <testcase name="WTP/WT_JOB.pkssql" assertions="5" classname="WTP.pkssql" status="PASS" time="0">
      <system-out>
=== DBI Started: WTP/WT_JOB.pkssql

Package created.

=== DBI Completed at 2025-02-06T18:10:59 for a duration of .05 seconds (started at 2025-02-06T18:10:59)
      </system-out>
    </testcase>
    <testcase name="WTP/WT_PERSIST_REPORT.pkbsql" assertions="5" classname="WTP.pkbsql" status="PASS" time="0">
      <system-out>
=== DBI Started: WTP/WT_PERSIST_REPORT.pkbsql

Package body created.

=== DBI Completed at 2025-02-06T18:11:13 for a duration of .14 seconds (started at 2025-02-06T18:11:13)
      </system-out>
    </testcase>
    <testcase name="WTP/WT_PERSIST_REPORT.pkssql" assertions="8" classname="WTP.pkssql" status="PASS" time="0">
      <system-out>
=== DBI Started: WTP/WT_PERSIST_REPORT.pkssql

Package created.


Grant succeeded.

=== DBI Completed at 2025-02-06T18:11:00 for a duration of .12 seconds (started at 2025-02-06T18:10:59)
      </system-out>
    </testcase>
    <testcase name="WTP/WT_PROFILE.pkbsql" assertions="5" classname="WTP.pkbsql" status="PASS" time="0">
      <system-out>
=== DBI Started: WTP/WT_PROFILE.pkbsql

Package body created.

=== DBI Completed at 2025-02-06T18:11:13 for a duration of .2 seconds (started at 2025-02-06T18:11:13)
      </system-out>
    </testcase>
    <testcase name="WTP/WT_PROFILE.pkssql" assertions="5" classname="WTP.pkssql" status="PASS" time="0">
      <system-out>
=== DBI Started: WTP/WT_PROFILE.pkssql

Warning: Package created with compilation errors.

=== DBI Completed at 2025-02-06T18:11:00 for a duration of .18 seconds (started at 2025-02-06T18:11:00)
      </system-out>
    </testcase>
    <testcase name="WTP/WT_PROFILES.tbl" assertions="41" classname="WTP.tbl" status="PASS" time="0">
      <system-out>
=== DBI Started: WTP/WT_PROFILES.tbl

Table created.


Table altered.


Comment created.


Comment created.


Comment created.


Comment created.


Comment created.


Comment created.


Comment created.


Comment created.


Comment created.


Grant succeeded.


Grant succeeded.

=== DBI Completed at 2025-02-06T18:11:03 for a duration of .49 seconds (started at 2025-02-06T18:11:03)
      </system-out>
    </testcase>
    <testcase name="WTP/WT_PROFILES.tfk" assertions="5" classname="WTP.tfk" status="PASS" time="0">
      <system-out>
=== DBI Started: WTP/WT_PROFILES.tfk

Table altered.

=== DBI Completed at 2025-02-06T18:11:14 for a duration of .07 seconds (started at 2025-02-06T18:11:14)
      </system-out>
    </testcase>
    <testcase name="WTP/WT_PROFILES_VW.vw" assertions="62" classname="WTP.vw" status="PASS" time="1">
      <system-out>
=== DBI Started: WTP/WT_PROFILES_VW.vw

View created.


Grant succeeded.


View created.


Comment created.


Comment created.


Comment created.


Comment created.


Comment created.


Comment created.


Comment created.


Comment created.


Comment created.


Comment created.


Comment created.


Comment created.


Comment created.


Comment created.


Comment created.


Comment created.


Grant succeeded.

=== DBI Completed at 2025-02-06T18:11:09 for a duration of .57 seconds (started at 2025-02-06T18:11:09)
      </system-out>
    </testcase>
    <testcase name="WTP/WT_RESULT.pkbsql" assertions="5" classname="WTP.pkbsql" status="PASS" time="0">
      <system-out>
=== DBI Started: WTP/WT_RESULT.pkbsql

Package body created.

=== DBI Completed at 2025-02-06T18:11:13 for a duration of .08 seconds (started at 2025-02-06T18:11:13)
      </system-out>
    </testcase>
    <testcase name="WTP/WT_RESULT.pkssql" assertions="5" classname="WTP.pkssql" status="PASS" time="0">
      <system-out>
=== DBI Started: WTP/WT_RESULT.pkssql

Package created.

=== DBI Completed at 2025-02-06T18:11:00 for a duration of .19 seconds (started at 2025-02-06T18:11:00)
      </system-out>
    </testcase>
    <testcase name="WTP/WT_RESULTS.tbl" assertions="44" classname="WTP.tbl" status="PASS" time="1">
      <system-out>
=== DBI Started: WTP/WT_RESULTS.tbl

Table created.


Table altered.


Comment created.


Comment created.


Comment created.


Comment created.


Comment created.


Comment created.


Comment created.


Comment created.


Comment created.


Comment created.


Grant succeeded.


Grant succeeded.

=== DBI Completed at 2025-02-06T18:11:04 for a duration of .56 seconds (started at 2025-02-06T18:11:03)
      </system-out>
    </testcase>
    <testcase name="WTP/WT_RESULTS.tfk" assertions="8" classname="WTP.tfk" status="PASS" time="0">
      <system-out>
=== DBI Started: WTP/WT_RESULTS.tfk

Table altered.


Table altered.

=== DBI Completed at 2025-02-06T18:11:14 for a duration of .12 seconds (started at 2025-02-06T18:11:14)
      </system-out>
    </testcase>
    <testcase name="WTP/WT_RESULTS.tidx" assertions="5" classname="WTP.tidx" status="PASS" time="0">
      <system-out>
=== DBI Started: WTP/WT_RESULTS.tidx

Index created.

=== DBI Completed at 2025-02-06T18:11:12 for a duration of .06 seconds (started at 2025-02-06T18:11:12)
      </system-out>
    </testcase>
    <testcase name="WTP/WT_RESULTS_VW.vw" assertions="68" classname="WTP.vw" status="PASS" time="1">
      <system-out>
=== DBI Started: WTP/WT_RESULTS_VW.vw

View created.


Grant succeeded.


View created.


Comment created.


Comment created.


Comment created.


Comment created.


Comment created.


Comment created.


Comment created.


Comment created.


Comment created.


Comment created.


Comment created.


Comment created.


Comment created.


Comment created.


Comment created.


Comment created.


Comment created.


Comment created.


Grant succeeded.

=== DBI Completed at 2025-02-06T18:11:10 for a duration of .91 seconds (started at 2025-02-06T18:11:09)
      </system-out>
    </testcase>
    <testcase name="WTP/WT_SCHEDULER_JOBS_VW.vw" assertions="38" classname="WTP.vw" status="PASS" time="0">
      <system-out>
=== DBI Started: WTP/WT_SCHEDULER_JOBS_VW.vw

View created.


View created.


Comment created.


Comment created.


Comment created.


Comment created.


Comment created.


Comment created.


Comment created.


Comment created.


Comment created.


Comment created.

=== DBI Completed at 2025-02-06T18:11:11 for a duration of .49 seconds (started at 2025-02-06T18:11:10)
      </system-out>
    </testcase>
    <testcase name="WTP/WT_TESTCASE.pkbsql" assertions="5" classname="WTP.pkbsql" status="PASS" time="0">
      <system-out>
=== DBI Started: WTP/WT_TESTCASE.pkbsql

Package body created.

=== DBI Completed at 2025-02-06T18:11:13 for a duration of .06 seconds (started at 2025-02-06T18:11:13)
      </system-out>
    </testcase>
    <testcase name="WTP/WT_TESTCASE.pkssql" assertions="5" classname="WTP.pkssql" status="PASS" time="0">
      <system-out>
=== DBI Started: WTP/WT_TESTCASE.pkssql

Package created.

=== DBI Completed at 2025-02-06T18:11:00 for a duration of .11 seconds (started at 2025-02-06T18:11:00)
      </system-out>
    </testcase>
    <testcase name="WTP/WT_TESTCASES.tbl" assertions="26" classname="WTP.tbl" status="PASS" time="0">
      <system-out>
=== DBI Started: WTP/WT_TESTCASES.tbl

Table created.


Table altered.


Table altered.


Comment created.


Comment created.


Comment created.


Grant succeeded.


Grant succeeded.

=== DBI Completed at 2025-02-06T18:11:04 for a duration of .38 seconds (started at 2025-02-06T18:11:04)
      </system-out>
    </testcase>
    <testcase name="WTP/WT_TESTCASES_SEQ.seq" assertions="5" classname="WTP.seq" status="PASS" time="0">
      <system-out>
=== DBI Started: WTP/WT_TESTCASES_SEQ.seq

Sequence created.

=== DBI Completed at 2025-02-06T18:10:59 for a duration of .05 seconds (started at 2025-02-06T18:10:59)
      </system-out>
    </testcase>
    <testcase name="WTP/WT_TESTCASE_RUNS.tbl" assertions="47" classname="WTP.tbl" status="PASS" time="1">
      <system-out>
=== DBI Started: WTP/WT_TESTCASE_RUNS.tbl

Table created.


Table altered.


Comment created.


Comment created.


Comment created.


Comment created.


Comment created.


Comment created.


Comment created.


Comment created.


Comment created.


Comment created.


Comment created.


Grant succeeded.


Grant succeeded.

=== DBI Completed at 2025-02-06T18:11:05 for a duration of .53 seconds (started at 2025-02-06T18:11:04)
      </system-out>
    </testcase>
    <testcase name="WTP/WT_TESTCASE_RUNS.tfk" assertions="8" classname="WTP.tfk" status="PASS" time="0">
      <system-out>
=== DBI Started: WTP/WT_TESTCASE_RUNS.tfk

Table altered.


Table altered.

=== DBI Completed at 2025-02-06T18:11:14 for a duration of .15 seconds (started at 2025-02-06T18:11:14)
      </system-out>
    </testcase>
    <testcase name="WTP/WT_TESTCASE_RUNS.tidx" assertions="5" classname="WTP.tidx" status="PASS" time="0">
      <system-out>
=== DBI Started: WTP/WT_TESTCASE_RUNS.tidx

Index created.

=== DBI Completed at 2025-02-06T18:11:12 for a duration of .06 seconds (started at 2025-02-06T18:11:12)
      </system-out>
    </testcase>
    <testcase name="WTP/WT_TESTCASE_RUNS_VW.vw" assertions="65" classname="WTP.vw" status="PASS" time="1">
      <system-out>
=== DBI Started: WTP/WT_TESTCASE_RUNS_VW.vw

View created.


Grant succeeded.


View created.


Comment created.


Comment created.


Comment created.


Comment created.


Comment created.


Comment created.


Comment created.


Comment created.


Comment created.


Comment created.


Comment created.


Comment created.


Comment created.


Comment created.


Comment created.


Comment created.


Comment created.


Grant succeeded.

=== DBI Completed at 2025-02-06T18:11:11 for a duration of .61 seconds (started at 2025-02-06T18:11:11)
      </system-out>
    </testcase>
    <testcase name="WTP/WT_TEST_RUN.pkbsql" assertions="5" classname="WTP.pkbsql" status="PASS" time="0">
      <system-out>
=== DBI Started: WTP/WT_TEST_RUN.pkbsql

Package body created.

=== DBI Completed at 2025-02-06T18:11:13 for a duration of .14 seconds (started at 2025-02-06T18:11:13)
      </system-out>
    </testcase>
    <testcase name="WTP/WT_TEST_RUN.pkssql" assertions="8" classname="WTP.pkssql" status="PASS" time="0">
      <system-out>
=== DBI Started: WTP/WT_TEST_RUN.pkssql

Package created.


Grant succeeded.

=== DBI Completed at 2025-02-06T18:11:00 for a duration of .12 seconds (started at 2025-02-06T18:11:00)
      </system-out>
    </testcase>
    <testcase name="WTP/WT_TEST_RUNNER.pkbsql" assertions="5" classname="WTP.pkbsql" status="PASS" time="0">
      <system-out>
=== DBI Started: WTP/WT_TEST_RUNNER.pkbsql

Package body created.

=== DBI Completed at 2025-02-06T18:11:13 for a duration of .08 seconds (started at 2025-02-06T18:11:13)
      </system-out>
    </testcase>
    <testcase name="WTP/WT_TEST_RUNNER.pkssql" assertions="5" classname="WTP.pkssql" status="PASS" time="0">
      <system-out>
=== DBI Started: WTP/WT_TEST_RUNNER.pkssql

Package created.

=== DBI Completed at 2025-02-06T18:11:00 for a duration of .07 seconds (started at 2025-02-06T18:11:00)
      </system-out>
    </testcase>
    <testcase name="WTP/WT_TEST_RUNNERS.tbl" assertions="29" classname="WTP.tbl" status="PASS" time="0">
      <system-out>
=== DBI Started: WTP/WT_TEST_RUNNERS.tbl

Table created.


Table altered.


Table altered.


Comment created.


Comment created.


Comment created.


Comment created.


Grant succeeded.


Grant succeeded.

=== DBI Completed at 2025-02-06T18:11:05 for a duration of .37 seconds (started at 2025-02-06T18:11:05)
      </system-out>
    </testcase>
    <testcase name="WTP/WT_TEST_RUNNERS_SEQ.seq" assertions="5" classname="WTP.seq" status="PASS" time="0">
      <system-out>
=== DBI Started: WTP/WT_TEST_RUNNERS_SEQ.seq

Sequence created.

=== DBI Completed at 2025-02-06T18:10:59 for a duration of .05 seconds (started at 2025-02-06T18:10:59)
      </system-out>
    </testcase>
    <testcase name="WTP/WT_TEST_RUNS.tbl" assertions="83" classname="WTP.tbl" status="PASS" time="1">
      <system-out>
=== DBI Started: WTP/WT_TEST_RUNS.tbl

Table created.


Table altered.


Table altered.


Comment created.


Comment created.


Comment created.


Comment created.


Comment created.


Comment created.


Comment created.


Comment created.


Comment created.


Comment created.


Comment created.


Comment created.


Comment created.


Comment created.


Comment created.


Comment created.


Comment created.


Comment created.


Comment created.


Comment created.


Comment created.


Grant succeeded.


Grant succeeded.


Grant succeeded.

=== DBI Completed at 2025-02-06T18:11:06 for a duration of .88 seconds (started at 2025-02-06T18:11:05)
      </system-out>
    </testcase>
    <testcase name="WTP/WT_TEST_RUNS.tfk" assertions="8" classname="WTP.tfk" status="PASS" time="0">
      <system-out>
=== DBI Started: WTP/WT_TEST_RUNS.tfk

Table altered.


Table altered.

=== DBI Completed at 2025-02-06T18:11:14 for a duration of .13 seconds (started at 2025-02-06T18:11:14)
      </system-out>
    </testcase>
    <testcase name="WTP/WT_TEST_RUNS.tidx" assertions="8" classname="WTP.tidx" status="PASS" time="0">
      <system-out>
=== DBI Started: WTP/WT_TEST_RUNS.tidx

Index created.


Index created.

=== DBI Completed at 2025-02-06T18:11:12 for a duration of .12 seconds (started at 2025-02-06T18:11:12)
      </system-out>
    </testcase>
    <testcase name="WTP/WT_TEST_RUNS_SEQ.seq" assertions="8" classname="WTP.seq" status="PASS" time="0">
      <system-out>
=== DBI Started: WTP/WT_TEST_RUNS_SEQ.seq

Sequence created.


Grant succeeded.

=== DBI Completed at 2025-02-06T18:10:59 for a duration of .09 seconds (started at 2025-02-06T18:10:59)
      </system-out>
    </testcase>
    <testcase name="WTP/WT_TEST_RUNS_VW.vw" assertions="80" classname="WTP.vw" status="PASS" time="1">
      <system-out>
=== DBI Started: WTP/WT_TEST_RUNS_VW.vw

View created.


Grant succeeded.


View created.


Comment created.


Comment created.


Comment created.


Comment created.


Comment created.


Comment created.


Comment created.


Comment created.


Comment created.


Comment created.


Comment created.


Comment created.


Comment created.


Comment created.


Comment created.


Comment created.


Comment created.


Comment created.


Comment created.


Comment created.


Comment created.


Comment created.


Grant succeeded.

=== DBI Completed at 2025-02-06T18:11:12 for a duration of .71 seconds (started at 2025-02-06T18:11:11)
      </system-out>
    </testcase>
    <system-out>
(WTP/WT_TEST_RUNS.tbl) Compile All started
(WTP/WT_TEST_RUNS.tbl) 
(WTP/WT_TEST_RUNS.tbl) PL/SQL procedure successfully completed.
(WTP/WT_TEST_RUNS.tbl) 
(WTP/WT_TEST_RUNS.tbl) Compile All is done.
    </system-out>
  </testsuite>
</testsuites>
